Apr-10 18:04:45.477 [main] DEBUG nextflow.cli.Launcher - $> nextflow run main.nf -profile local
Apr-10 18:04:45.529 [main] DEBUG nextflow.cli.CmdRun - N E X T F L O W  ~  version 24.10.5
Apr-10 18:04:45.550 [main] DEBUG nextflow.plugin.PluginsFacade - Setting up plugin manager > mode=prod; embedded=false; plugins-dir=/Users/guerrero/.nextflow/plugins; core-plugins: nf-amazon@2.9.2,nf-azure@1.10.2,nf-cloudcache@0.4.2,nf-codecommit@0.2.2,nf-console@1.1.4,nf-google@1.15.4,nf-tower@1.9.3,nf-wave@1.7.4
Apr-10 18:04:45.577 [main] INFO  o.pf4j.DefaultPluginStatusProvider - Enabled plugins: []
Apr-10 18:04:45.578 [main] INFO  o.pf4j.DefaultPluginStatusProvider - Disabled plugins: []
Apr-10 18:04:45.580 [main] INFO  org.pf4j.DefaultPluginManager - PF4J version 3.12.0 in 'deployment' mode
Apr-10 18:04:45.590 [main] INFO  org.pf4j.AbstractPluginManager - No plugins
Apr-10 18:04:45.608 [main] DEBUG nextflow.config.ConfigBuilder - Found config local: /Users/guerrero/Library/CloudStorage/Dropbox/GitHub/snp-detection/nextflow.config
Apr-10 18:04:45.610 [main] DEBUG nextflow.config.ConfigBuilder - Parsing config file: /Users/guerrero/Library/CloudStorage/Dropbox/GitHub/snp-detection/nextflow.config
Apr-10 18:04:45.630 [main] DEBUG n.secret.LocalSecretsProvider - Secrets store: /Users/guerrero/.nextflow/secrets/store.json
Apr-10 18:04:45.633 [main] DEBUG nextflow.secret.SecretsLoader - Discovered secrets providers: [nextflow.secret.LocalSecretsProvider@2234078] - activable => nextflow.secret.LocalSecretsProvider@2234078
Apr-10 18:04:45.636 [main] DEBUG nextflow.config.ConfigBuilder - Applying config profile: `local`
Apr-10 18:04:45.961 [main] DEBUG nextflow.config.ConfigBuilder - Available config profiles: [slurm, local]
Apr-10 18:04:45.979 [main] DEBUG nextflow.cli.CmdRun - Applied DSL=2 from script declaration
Apr-10 18:04:45.998 [main] DEBUG nextflow.cli.CmdRun - Launching `main.nf` [angry_brenner] DSL2 - revision: 2c6e53c7e1
Apr-10 18:04:45.999 [main] DEBUG nextflow.plugin.PluginsFacade - Plugins default=[]
Apr-10 18:04:45.999 [main] DEBUG nextflow.plugin.PluginsFacade - Plugins resolved requirement=[]
Apr-10 18:04:46.041 [main] DEBUG nextflow.Session - Session UUID: cb2a97f3-1830-408a-9265-809cc09295ea
Apr-10 18:04:46.041 [main] DEBUG nextflow.Session - Run name: angry_brenner
Apr-10 18:04:46.041 [main] DEBUG nextflow.Session - Executor pool size: 10
Apr-10 18:04:46.047 [main] DEBUG nextflow.file.FilePorter - File porter settings maxRetries=3; maxTransfers=50; pollTimeout=null
Apr-10 18:04:46.051 [main] DEBUG nextflow.util.ThreadPoolBuilder - Creating thread pool 'FileTransfer' minSize=10; maxSize=30; workQueue=LinkedBlockingQueue[-1]; allowCoreThreadTimeout=false
Apr-10 18:04:46.072 [main] DEBUG nextflow.cli.CmdRun - 
  Version: 24.10.5 build 5935
  Created: 04-03-2025 17:55 UTC (12:55 EDT)
  System: Mac OS X 15.1.1
  Runtime: Groovy 4.0.23 on Java HotSpot(TM) 64-Bit Server VM 22.0.2+9-70
  Encoding: UTF-8 (UTF-8)
  Process: 7253@pal-10-184-52-188.itap.purdue.edu [10.184.52.188]
  CPUs: 10 - Mem: 16 GB (948.7 MB) - Swap: 2 GB (990.8 MB)
Apr-10 18:04:46.086 [main] DEBUG nextflow.Session - Work-dir: /Users/guerrero/Library/CloudStorage/Dropbox/GitHub/snp-detection/work [Mac OS X]
Apr-10 18:04:46.087 [main] DEBUG nextflow.Session - Script base path does not exist or is not a directory: /Users/guerrero/Library/CloudStorage/Dropbox/GitHub/snp-detection/bin
Apr-10 18:04:46.096 [main] DEBUG nextflow.executor.ExecutorFactory - Extension executors providers=[]
Apr-10 18:04:46.103 [main] DEBUG nextflow.Session - Observer factory: DefaultObserverFactory
Apr-10 18:04:46.120 [main] DEBUG nextflow.cache.CacheFactory - Using Nextflow cache factory: nextflow.cache.DefaultCacheFactory
Apr-10 18:04:46.129 [main] DEBUG nextflow.util.CustomThreadPool - Creating default thread pool > poolSize: 11; maxThreads: 1000
Apr-10 18:04:46.171 [main] DEBUG nextflow.Session - Session start
Apr-10 18:04:46.329 [main] DEBUG nextflow.script.ScriptRunner - > Launching execution
Apr-10 18:04:46.492 [main] DEBUG nextflow.executor.ExecutorFactory - << taskConfig executor: null
Apr-10 18:04:46.492 [main] DEBUG nextflow.executor.ExecutorFactory - >> processorType: 'local'
Apr-10 18:04:46.495 [main] DEBUG nextflow.executor.Executor - [warm up] executor > local
Apr-10 18:04:46.500 [main] DEBUG n.processor.LocalPollingMonitor - Creating local task monitor for executor 'local' > cpus=10; memory=16 GB; capacity=10; pollInterval=100ms; dumpInterval=5m
Apr-10 18:04:46.502 [main] DEBUG n.processor.TaskPollingMonitor - >>> barrier register (monitor: local)
Apr-10 18:04:46.546 [main] DEBUG nextflow.executor.ExecutorFactory - << taskConfig executor: null
Apr-10 18:04:46.546 [main] DEBUG nextflow.executor.ExecutorFactory - >> processorType: 'local'
Apr-10 18:04:46.550 [main] DEBUG nextflow.Session - Workflow process names [dsl2]: index_fasta, align_reads
Apr-10 18:04:46.550 [main] DEBUG nextflow.Session - Igniting dataflow network (3)
Apr-10 18:04:46.557 [main] DEBUG nextflow.processor.TaskProcessor - Starting process > index_fasta
Apr-10 18:04:46.558 [main] DEBUG nextflow.processor.TaskProcessor - Starting process > align_reads
Apr-10 18:04:46.558 [main] DEBUG nextflow.script.ScriptRunner - Parsed script files:
  Script_e908de74ee707c20: /Users/guerrero/Library/CloudStorage/Dropbox/GitHub/snp-detection/./modules/align_reads.nf
  Script_0fd45e2cbd9b8799: /Users/guerrero/Library/CloudStorage/Dropbox/GitHub/snp-detection/./modules/index_fasta.nf
  Script_6bbc619dc211b6fc: /Users/guerrero/Library/CloudStorage/Dropbox/GitHub/snp-detection/main.nf
Apr-10 18:04:46.558 [main] DEBUG nextflow.script.ScriptRunner - > Awaiting termination 
Apr-10 18:04:46.558 [main] DEBUG nextflow.Session - Session await
Apr-10 18:04:46.637 [Actor Thread 11] INFO  nextflow.conda.CondaCache - Creating env using conda: envs/genotator.yaml [cache /Users/guerrero/Library/CloudStorage/Dropbox/GitHub/snp-detection/work/conda/env-fdef8dd9e5aa27d1-e24afe43a6bee2d7f514b71bed3c39b4]
Apr-10 18:05:17.828 [Actor Thread 11] DEBUG nextflow.conda.CondaCache - 'conda' create complete env=envs/genotator.yaml path=/Users/guerrero/Library/CloudStorage/Dropbox/GitHub/snp-detection/work/conda/env-fdef8dd9e5aa27d1-e24afe43a6bee2d7f514b71bed3c39b4
Apr-10 18:05:17.882 [Task submitter] DEBUG n.executor.local.LocalTaskHandler - Launch cmd line: /bin/bash -ue .command.run
Apr-10 18:05:17.884 [Task submitter] INFO  nextflow.Session - [93/1798a9] Submitted process > index_fasta (1)
Apr-10 18:05:19.073 [Task monitor] DEBUG n.processor.TaskPollingMonitor - Task completed > TaskHandler[id: 1; name: index_fasta (1); status: COMPLETED; exit: 0; error: -; workDir: /Users/guerrero/Library/CloudStorage/Dropbox/GitHub/snp-detection/work/93/1798a94d30d3c05ea1c84e97ee0378]
Apr-10 18:05:19.073 [Task monitor] DEBUG nextflow.util.ThreadPoolBuilder - Creating thread pool 'TaskFinalizer' minSize=10; maxSize=30; workQueue=LinkedBlockingQueue[-1]; allowCoreThreadTimeout=false
Apr-10 18:05:19.095 [Task submitter] DEBUG n.executor.local.LocalTaskHandler - Launch cmd line: /bin/bash -ue .command.run
Apr-10 18:05:19.095 [Task submitter] INFO  nextflow.Session - [63/0dfdc9] Submitted process > align_reads (1)
Apr-10 18:05:21.642 [Task monitor] DEBUG n.processor.TaskPollingMonitor - Task completed > TaskHandler[id: 2; name: align_reads (1); status: COMPLETED; exit: 0; error: -; workDir: /Users/guerrero/Library/CloudStorage/Dropbox/GitHub/snp-detection/work/63/0dfdc990eb9f06a94b408a36d1b7ef]
Apr-10 18:05:21.643 [main] DEBUG nextflow.Session - Session await > all processes finished
Apr-10 18:05:21.746 [Task monitor] DEBUG n.processor.TaskPollingMonitor - <<< barrier arrives (monitor: local) - terminating tasks monitor poll loop
Apr-10 18:05:21.747 [main] DEBUG nextflow.Session - Session await > all barriers passed
Apr-10 18:05:21.749 [main] DEBUG nextflow.util.ThreadPoolManager - Thread pool 'TaskFinalizer' shutdown completed (hard=false)
Apr-10 18:05:21.754 [main] DEBUG n.trace.WorkflowStatsObserver - Workflow completed > WorkflowStats[succeededCount=2; failedCount=0; ignoredCount=0; cachedCount=0; pendingCount=0; submittedCount=0; runningCount=0; retriesCount=0; abortedCount=0; succeedDuration=3.6s; failedDuration=0ms; cachedDuration=0ms;loadCpus=0; loadMemory=0; peakRunning=1; peakCpus=1; peakMemory=0; ]
Apr-10 18:05:21.894 [main] DEBUG nextflow.cache.CacheDB - Closing CacheDB done
Apr-10 18:05:21.911 [main] DEBUG nextflow.util.ThreadPoolManager - Thread pool 'FileTransfer' shutdown completed (hard=false)
Apr-10 18:05:21.912 [main] DEBUG nextflow.script.ScriptRunner - > Execution complete -- Goodbye
